<?xml version="1.0" encoding="UTF-8"?>
<!-- Generated by org.testng.reporters.JUnitXMLReporter -->
<testsuite hostname="DESKTOP-U822VNM" ignored="0" name="Default test" tests="4" failures="0" timestamp="05 May 2018 20:26:41 GMT" time="30.852" errors="0">
  <testcase name="loginAndLogout" time="2.353" classname="testcases.TC002_LoginForFailure"/>
  <testcase name="loginAndLogout" time="2.199" classname="testcases.TC002_LoginForFailure"/>
  <testcase name="loginAndLogout" time="2.314" classname="testcases.TC002_LoginForFailure"/>
  <testcase name="loginAndLogout" time="2.329" classname="testcases.TC002_LoginForFailure"/>
</testsuite> <!-- Default test -->
